Start testing: Nov 25 21:40 Romance Standard Time
----------------------------------------------------------
1/1 Testing: usage_test
1/1 Test: usage_test
Command: "C:/Users/eglin/OneDrive/Uni/Computerteknologi/Programmering/Week12/assignment-12-TKEglin/build/tests/tests.exe"
Directory: C:/Users/eglin/OneDrive/Uni/Computerteknologi/Programmering/Week12/assignment-12-TKEglin/build/tests
"usage_test" start time: Nov 25 21:40 Romance Standard Time
Output:
----------------------------------------------------------
<end of output>
Test time =   0.00 sec
----------------------------------------------------------
Test Failed.
"usage_test" end time: Nov 25 21:40 Romance Standard Time
"usage_test" time elapsed: 00:00:00
----------------------------------------------------------

End testing: Nov 25 21:40 Romance Standard Time
